<?xml version="1.0" encoding="UTF-8"?>
<testng-results ignored="0" total="1" passed="1" failed="0" skipped="0">
  <reporter-output>
  </reporter-output>
  <suite started-at="2024-06-18T12:49:40 IST" name="Default suite" finished-at="2024-06-18T12:49:50 IST" duration-ms="10838">
    <groups>
    </groups>
    <test started-at="2024-06-18T12:49:40 IST" name="Default test" finished-at="2024-06-18T12:49:50 IST" duration-ms="10838">
      <class name="com.luma.signout">
        <test-method is-config="true" signature="LaunchingBrowser()[pri:0, instance:com.luma.signout@59505b48]" started-at="2024-06-18T12:49:40 IST" name="LaunchingBrowser" finished-at="2024-06-18T12:49:41 IST" duration-ms="1348" status="PASS">
          <reporter-output>
          </reporter-output>
        </test-method> <!-- LaunchingBrowser -->
        <test-method signature="TestMethod()[pri:0, instance:com.luma.signout@59505b48]" started-at="2024-06-18T12:49:41 IST" name="TestMethod" finished-at="2024-06-18T12:49:50 IST" duration-ms="9310" status="PASS">
          <reporter-output>
          </reporter-output>
        </test-method> <!-- TestMethod -->
        <test-method is-config="true" signature="closeBrowser()[pri:0, instance:com.luma.signout@59505b48]" started-at="2024-06-18T12:49:50 IST" name="closeBrowser" finished-at="2024-06-18T12:49:50 IST" duration-ms="162" status="PASS">
          <reporter-output>
          </reporter-output>
        </test-method> <!-- closeBrowser -->
      </class> <!-- com.luma.signout -->
    </test> <!-- Default test -->
  </suite> <!-- Default suite -->
</testng-results>
